# JRE version: Java(TM) SE Runtime Environment (17.0.12+8) (build 17.0.12+8-LTS-286)
# Java VM: Java HotSpot(TM) 64-Bit Server VM (17.0.12+8-LTS-286, mixed mode, sharing, tiered, compressed oops, compressed class ptrs, g1 gc, windows-amd64)
GC Precious Log:
 CPUs: 8 total, 8 available
 Memory: 7834M
 Large Page Support: Disabled
 NUMA Support: Disabled
 Compressed Oops: Enabled (32-bit)
 Heap Region Size: 1M
 Heap Min Capacity: 8M
 Heap Initial Capacity: 124M
 Heap Max Capacity: 1960M
 Pre-touch: Disabled
 Parallel Workers: 8
 Concurrent Workers: 2
 Concurrent Refinement Workers: 8
 Periodic GC: Disabled
Heap:
 garbage-first heap   total 126976K, used 83557K [0x0000000085800000, 0x0000000100000000)
  region size 1024K, 2 young (2048K), 2 survivors (2048K)
 Metaspace       used 55390K, committed 55744K, reserved 1114112K
  class space    used 6253K, committed 6400K, reserved 1048576K
GC Heap History (20 events):
Event: 28.404 GC heap after
{Heap after GC invocations=21 (full 0):
 garbage-first heap   total 97280K, used 58716K [0x0000000085800000, 0x0000000100000000)
  region size 1024K, 2 young (2048K), 2 survivors (2048K)
 Metaspace       used 49948K, committed 50240K, reserved 1114112K
  class space    used 5850K, committed 5952K, reserved 1048576K
}
Event: 28.809 GC heap before
{Heap before GC invocations=21 (full 0):
 garbage-first heap   total 97280K, used 60764K [0x0000000085800000, 0x0000000100000000)
  region size 1024K, 4 young (4096K), 2 survivors (2048K)
 Metaspace       used 50007K, committed 50304K, reserved 1114112K
  class space    used 5850K, committed 5952K, reserved 1048576K
}
Event: 28.822 GC heap after
{Heap after GC invocations=22 (full 0):
 garbage-first heap   total 97280K, used 58654K [0x0000000085800000, 0x0000000100000000)
  region size 1024K, 1 young (1024K), 1 survivors (1024K)
 Metaspace       used 50007K, committed 50304K, reserved 1114112K
  class space    used 5850K, committed 5952K, reserved 1048576K
}
Event: 31.251 GC heap before
{Heap before GC invocations=22 (full 0):
 garbage-first heap   total 97280K, used 75038K [0x0000000085800000, 0x0000000100000000)
  region size 1024K, 17 young (17408K), 1 survivors (1024K)
 Metaspace       used 51232K, committed 51520K, reserved 1114112K
  class space    used 5937K, committed 6080K, reserved 1048576K
}
Event: 31.269 GC heap after
{Heap after GC invocations=23 (full 0):
 garbage-first heap   total 116736K, used 60991K [0x0000000085800000, 0x0000000100000000)
  region size 1024K, 3 young (3072K), 3 survivors (3072K)
 Metaspace       used 51232K, committed 51520K, reserved 1114112K
  class space    used 5937K, committed 6080K, reserved 1048576K
}
Event: 35.805 GC heap before
{Heap before GC invocations=24 (full 0):
 garbage-first heap   total 116736K, used 87615K [0x0000000085800000, 0x0000000100000000)
  region size 1024K, 29 young (29696K), 3 survivors (3072K)
 Metaspace       used 53535K, committed 53824K, reserved 1114112K
  class space    used 6153K, committed 6272K, reserved 1048576K
}
Event: 35.832 GC heap after
{Heap after GC invocations=25 (full 0):
 garbage-first heap   total 116736K, used 64991K [0x0000000085800000, 0x0000000100000000)
  region size 1024K, 4 young (4096K), 4 survivors (4096K)
 Metaspace       used 53535K, committed 53824K, reserved 1114112K
  class space    used 6153K, committed 6272K, reserved 1048576K
}
Event: 35.950 GC heap before
{Heap before GC invocations=25 (full 0):
 garbage-first heap   total 116736K, used 66015K [0x0000000085800000, 0x0000000100000000)
  region size 1024K, 5 young (5120K), 4 survivors (4096K)
 Metaspace       used 53550K, committed 53824K, reserved 1114112K
  class space    used 6153K, committed 6272K, reserved 1048576K
}
Event: 35.966 GC heap after
{Heap after GC invocations=26 (full 0):
 garbage-first heap   total 116736K, used 65216K [0x0000000085800000, 0x0000000100000000)
  region size 1024K, 1 young (1024K), 1 survivors (1024K)
 Metaspace       used 53550K, committed 53824K, reserved 1114112K
  class space    used 6153K, committed 6272K, reserved 1048576K
}
Event: 39.396 GC heap before
{Heap before GC invocations=26 (full 0):
 garbage-first heap   total 116736K, used 89792K [0x0000000085800000, 0x0000000100000000)
  region size 1024K, 25 young (25600K), 1 survivors (1024K)
 Metaspace       used 54194K, committed 54528K, reserved 1114112K
  class space    used 6193K, committed 6336K, reserved 1048576K
}
Event: 39.409 GC heap after
{Heap after GC invocations=27 (full 0):
 garbage-first heap   total 116736K, used 67680K [0x0000000085800000, 0x0000000100000000)
  region size 1024K, 4 young (4096K), 4 survivors (4096K)
 Metaspace       used 54194K, committed 54528K, reserved 1114112K
  class space    used 6193K, committed 6336K, reserved 1048576K
}
Event: 41.647 GC heap before
{Heap before GC invocations=28 (full 0):
 garbage-first heap   total 117760K, used 91232K [0x0000000085800000, 0x0000000100000000)
  region size 1024K, 27 young (27648K), 4 survivors (4096K)
 Metaspace       used 54498K, committed 54784K, reserved 1114112K
  class space    used 6205K, committed 6336K, reserved 1048576K
}
Event: 41.673 GC heap after
{Heap after GC invocations=29 (full 0):
 garbage-first heap   total 117760K, used 72704K [0x0000000085800000, 0x0000000100000000)
  region size 1024K, 4 young (4096K), 4 survivors (4096K)
 Metaspace       used 54498K, committed 54784K, reserved 1114112K
  class space    used 6205K, committed 6336K, reserved 1048576K
}
Event: 41.709 GC heap before
{Heap before GC invocations=29 (full 0):
 garbage-first heap   total 117760K, used 73728K [0x0000000085800000, 0x0000000100000000)
  region size 1024K, 5 young (5120K), 4 survivors (4096K)
 Metaspace       used 54508K, committed 54784K, reserved 1114112K
  class space    used 6205K, committed 6336K, reserved 1048576K
}
Event: 41.725 GC heap after
{Heap after GC invocations=30 (full 0):
 garbage-first heap   total 117760K, used 73396K [0x0000000085800000, 0x0000000100000000)
  region size 1024K, 1 young (1024K), 1 survivors (1024K)
 Metaspace       used 54508K, committed 54784K, reserved 1114112K
  class space    used 6205K, committed 6336K, reserved 1048576K
}
Event: 44.149 GC heap before
{Heap before GC invocations=30 (full 0):
 garbage-first heap   total 117760K, used 93876K [0x0000000085800000, 0x0000000100000000)
  region size 1024K, 21 young (21504K), 1 survivors (1024K)
 Metaspace       used 54699K, committed 54976K, reserved 1114112K
  class space    used 6206K, committed 6336K, reserved 1048576K
}
Event: 44.166 GC heap after
{Heap after GC invocations=31 (full 0):
 garbage-first heap   total 117760K, used 77824K [0x0000000085800000, 0x0000000100000000)
  region size 1024K, 3 young (3072K), 3 survivors (3072K)
 Metaspace       used 54699K, committed 54976K, reserved 1114112K
  class space    used 6206K, committed 6336K, reserved 1048576K
}
Event: 46.035 GC heap before
{Heap before GC invocations=31 (full 0):
 garbage-first heap   total 117760K, used 95232K [0x0000000085800000, 0x0000000100000000)
  region size 1024K, 20 young (20480K), 3 survivors (3072K)
 Metaspace       used 55289K, committed 55616K, reserved 1114112K
  class space    used 6251K, committed 6400K, reserved 1048576K
}
Event: 46.056 GC heap after
{Heap after GC invocations=32 (full 0):
 garbage-first heap   total 117760K, used 81383K [0x0000000085800000, 0x0000000100000000)
  region size 1024K, 3 young (3072K), 3 survivors (3072K)
 Metaspace       used 55289K, committed 55616K, reserved 1114112K
  class space    used 6251K, committed 6400K, reserved 1048576K
}
Event: 48.078 GC heap before
{Heap before GC invocations=32 (full 0):
 garbage-first heap   total 117760K, used 95719K [0x0000000085800000, 0x0000000100000000)
  region size 1024K, 17 young (17408K), 3 survivors (3072K)
 Metaspace       used 55390K, committed 55744K, reserved 1114112K
  class space    used 6253K, committed 6400K, reserved 1048576K
}

